Performing C++ SOURCE FILE Test CMAKE_HAVE_LIBC_PTHREAD failed with the following output:
Change Dir: /home/paro/Pulpit/leetzadania/PalindromeNumber/build/CMakeFiles/CMakeTmp

Run Build Command(s):/usr/bin/gmake cmTC_e9bc4/fast && /usr/bin/gmake  -f CMakeFiles/cmTC_e9bc4.dir/build.make CMakeFiles/cmTC_e9bc4.dir/build
gmake[1]: Wejście do katalogu '/home/paro/Pulpit/leetzadania/PalindromeNumber/build/CMakeFiles/CMakeTmp'
Building CXX object CMakeFiles/cmTC_e9bc4.dir/src.cxx.o
/usr/bin/c++   -DCMAKE_HAVE_LIBC_PTHREAD -std=gnu++17 -o CMakeFiles/cmTC_e9bc4.dir/src.cxx.o -c /home/paro/Pulpit/leetzadania/PalindromeNumber/build/CMakeFiles/CMakeTmp/src.cxx
Linking CXX executable cmTC_e9bc4
/usr/bin/cmake -E cmake_link_script CMakeFiles/cmTC_e9bc4.dir/link.txt --verbose=1
/usr/bin/c++  -DCMAKE_HAVE_LIBC_PTHREAD CMakeFiles/cmTC_e9bc4.dir/src.cxx.o -o cmTC_e9bc4 
/usr/bin/ld: CMakeFiles/cmTC_e9bc4.dir/src.cxx.o: in function `main':
src.cxx:(.text+0x46): undefined reference to `pthread_create'
/usr/bin/ld: src.cxx:(.text+0x52): undefined reference to `pthread_detach'
/usr/bin/ld: src.cxx:(.text+0x5e): undefined reference to `pthread_cancel'
/usr/bin/ld: src.cxx:(.text+0x6f): undefined reference to `pthread_join'
collect2: error: ld returned 1 exit status
gmake[1]: *** [CMakeFiles/cmTC_e9bc4.dir/build.make:106: cmTC_e9bc4] Błąd 1
gmake[1]: Opuszczenie katalogu '/home/paro/Pulpit/leetzadania/PalindromeNumber/build/CMakeFiles/CMakeTmp'
gmake: *** [Makefile:140: cmTC_e9bc4/fast] Błąd 2


Source file was:
#include <pthread.h>

void* test_func(void* data)
{
  return data;
}

int main(void)
{
  pthread_t thread;
  pthread_create(&thread, NULL, test_func, NULL);
  pthread_detach(thread);
  pthread_cancel(thread);
  pthread_join(thread, NULL);
  pthread_atfork(NULL, NULL, NULL);
  pthread_exit(NULL);

  return 0;
}

Determining if the function pthread_create exists in the pthreads failed with the following output:
Change Dir: /home/paro/Pulpit/leetzadania/PalindromeNumber/build/CMakeFiles/CMakeTmp

Run Build Command(s):/usr/bin/gmake cmTC_7bf9a/fast && /usr/bin/gmake  -f CMakeFiles/cmTC_7bf9a.dir/build.make CMakeFiles/cmTC_7bf9a.dir/build
gmake[1]: Wejście do katalogu '/home/paro/Pulpit/leetzadania/PalindromeNumber/build/CMakeFiles/CMakeTmp'
Building CXX object CMakeFiles/cmTC_7bf9a.dir/CheckFunctionExists.cxx.o
/usr/bin/c++   -DCHECK_FUNCTION_EXISTS=pthread_create -std=gnu++17 -o CMakeFiles/cmTC_7bf9a.dir/CheckFunctionExists.cxx.o -c /home/paro/Pulpit/leetzadania/PalindromeNumber/build/CMakeFiles/CheckLibraryExists/CheckFunctionExists.cxx
Linking CXX executable cmTC_7bf9a
/usr/bin/cmake -E cmake_link_script CMakeFiles/cmTC_7bf9a.dir/link.txt --verbose=1
/usr/bin/c++  -DCHECK_FUNCTION_EXISTS=pthread_create CMakeFiles/cmTC_7bf9a.dir/CheckFunctionExists.cxx.o -o cmTC_7bf9a  -lpthreads 
/usr/bin/ld: cannot find -lpthreads
collect2: error: ld returned 1 exit status
gmake[1]: *** [CMakeFiles/cmTC_7bf9a.dir/build.make:106: cmTC_7bf9a] Błąd 1
gmake[1]: Opuszczenie katalogu '/home/paro/Pulpit/leetzadania/PalindromeNumber/build/CMakeFiles/CMakeTmp'
gmake: *** [Makefile:140: cmTC_7bf9a/fast] Błąd 2



