Performing C++ SOURCE FILE Test CMAKE_HAVE_LIBC_PTHREAD failed with the following output:
Change Dir: /home/paro/Pulpit/leet2/build/CMakeFiles/CMakeTmp

Run Build Command(s):/usr/bin/gmake cmTC_b21dc/fast && /usr/bin/gmake  -f CMakeFiles/cmTC_b21dc.dir/build.make CMakeFiles/cmTC_b21dc.dir/build
gmake[1]: Wejście do katalogu '/home/paro/Pulpit/leet2/build/CMakeFiles/CMakeTmp'
Building CXX object CMakeFiles/cmTC_b21dc.dir/src.cxx.o
/usr/bin/c++   -DCMAKE_HAVE_LIBC_PTHREAD -std=gnu++17 -o CMakeFiles/cmTC_b21dc.dir/src.cxx.o -c /home/paro/Pulpit/leet2/build/CMakeFiles/CMakeTmp/src.cxx
Linking CXX executable cmTC_b21dc
/usr/bin/cmake -E cmake_link_script CMakeFiles/cmTC_b21dc.dir/link.txt --verbose=1
/usr/bin/c++  -DCMAKE_HAVE_LIBC_PTHREAD CMakeFiles/cmTC_b21dc.dir/src.cxx.o -o cmTC_b21dc 
/usr/bin/ld: CMakeFiles/cmTC_b21dc.dir/src.cxx.o: in function `main':
src.cxx:(.text+0x46): undefined reference to `pthread_create'
/usr/bin/ld: src.cxx:(.text+0x52): undefined reference to `pthread_detach'
/usr/bin/ld: src.cxx:(.text+0x5e): undefined reference to `pthread_cancel'
/usr/bin/ld: src.cxx:(.text+0x6f): undefined reference to `pthread_join'
collect2: error: ld returned 1 exit status
gmake[1]: *** [CMakeFiles/cmTC_b21dc.dir/build.make:106: cmTC_b21dc] Błąd 1
gmake[1]: Opuszczenie katalogu '/home/paro/Pulpit/leet2/build/CMakeFiles/CMakeTmp'
gmake: *** [Makefile:140: cmTC_b21dc/fast] Błąd 2


Source file was:
#include <pthread.h>

void* test_func(void* data)
{
  return data;
}

int main(void)
{
  pthread_t thread;
  pthread_create(&thread, NULL, test_func, NULL);
  pthread_detach(thread);
  pthread_cancel(thread);
  pthread_join(thread, NULL);
  pthread_atfork(NULL, NULL, NULL);
  pthread_exit(NULL);

  return 0;
}

Determining if the function pthread_create exists in the pthreads failed with the following output:
Change Dir: /home/paro/Pulpit/leet2/build/CMakeFiles/CMakeTmp

Run Build Command(s):/usr/bin/gmake cmTC_57bc6/fast && /usr/bin/gmake  -f CMakeFiles/cmTC_57bc6.dir/build.make CMakeFiles/cmTC_57bc6.dir/build
gmake[1]: Wejście do katalogu '/home/paro/Pulpit/leet2/build/CMakeFiles/CMakeTmp'
Building CXX object CMakeFiles/cmTC_57bc6.dir/CheckFunctionExists.cxx.o
/usr/bin/c++   -DCHECK_FUNCTION_EXISTS=pthread_create -std=gnu++17 -o CMakeFiles/cmTC_57bc6.dir/CheckFunctionExists.cxx.o -c /home/paro/Pulpit/leet2/build/CMakeFiles/CheckLibraryExists/CheckFunctionExists.cxx
Linking CXX executable cmTC_57bc6
/usr/bin/cmake -E cmake_link_script CMakeFiles/cmTC_57bc6.dir/link.txt --verbose=1
/usr/bin/c++  -DCHECK_FUNCTION_EXISTS=pthread_create CMakeFiles/cmTC_57bc6.dir/CheckFunctionExists.cxx.o -o cmTC_57bc6  -lpthreads 
/usr/bin/ld: cannot find -lpthreads
collect2: error: ld returned 1 exit status
gmake[1]: *** [CMakeFiles/cmTC_57bc6.dir/build.make:106: cmTC_57bc6] Błąd 1
gmake[1]: Opuszczenie katalogu '/home/paro/Pulpit/leet2/build/CMakeFiles/CMakeTmp'
gmake: *** [Makefile:140: cmTC_57bc6/fast] Błąd 2



